<?xml version="1.0" encoding="UTF-8"?>
<!-- Generated by org.testng.reporters.JUnitXMLReporter -->
<testsuite hostname="DESKTOP-N3051EB" ignored="0" name="Default test" tests="3" failures="0" timestamp="15 Jul 2023 09:14:06 GMT" time="0.032" errors="0">
  <testcase name="tc02" time="0.016" classname="org.base.BrowserLaunchTest2"/>
  <testcase name="tc03" time="0.015" classname="org.base.BrowserLaunchTest2"/>
  <testcase name="tc04" time="0.0" classname="org.base.BrowserLaunchTest2"/>
</testsuite> <!-- Default test -->
