<?xml version="1.0" encoding="UTF-8"?>
<!-- Generated by org.testng.reporters.JUnitXMLReporter -->
<testsuite hostname="DESKTOP-N3051EB" ignored="0" name="Test " tests="6" failures="1" timestamp="14 Jul 2023 07:42:55 GMT" time="10.074" errors="0">
  <testcase name="tc06" time="0.014" classname="org.base.BrowserLaunch"/>
  <testcase name="tc01" time="0.007" classname="org.base.BrowserLaunch">
    <failure type="java.lang.NoClassDefFoundError" message="org/apache/http/client/methods/HttpRequestBase">
      <![CDATA[java.lang.NoClassDefFoundError: org/apache/http/client/methods/HttpRequestBase
	at org.base.BrowserLaunch.tc01(BrowserLaunch.java:17)
Caused by: java.lang.ClassNotFoundException: org.apache.http.client.methods.HttpRequestBase
	at java.net.URLClassLoader.findClass(Unknown Source)
	at java.lang.ClassLoader.loadClass(Unknown Source)
	at sun.misc.Launcher$AppClassLoader.loadClass(Unknown Source)
	at java.lang.ClassLoader.loadClass(Unknown Source)
	... 26 more
... Removed 25 stack frames]]>
    </failure>
  </testcase> <!-- tc01 -->
  <testcase name="tc02" time="0.001" classname="org.base.BrowserLaunch"/>
  <testcase name="tc03" time="0.009" classname="org.base.BrowserLaunch"/>
  <testcase name="tc04" time="0.001" classname="org.base.BrowserLaunch"/>
  <testcase name="tco5" time="10.007" classname="org.base.BrowserLaunch"/>
</testsuite> <!-- Test  -->
