<?xml version="1.0" encoding="UTF-8"?>
<!-- Generated by org.testng.reporters.JUnitXMLReporter -->
<testsuite hostname="DESKTOP-N3051EB" ignored="0" name="Test" tests="4" failures="4" timestamp="17 Jul 2023 08:05:06 GMT" time="0.079" errors="0">
  <testcase name="tc01" time="0.023" classname="org.base.BrowserLaunchTestingFrames">
    <failure type="java.lang.NoClassDefFoundError" message="org/apache/http/client/methods/HttpRequestBase">
      <![CDATA[java.lang.NoClassDefFoundError: org/apache/http/client/methods/HttpRequestBase
	at org.base.BrowserLaunchTestingFrames.tc01(BrowserLaunchTestingFrames.java:18)
Caused by: java.lang.ClassNotFoundException: org.apache.http.client.methods.HttpRequestBase
	at java.net.URLClassLoader.findClass(Unknown Source)
	at java.lang.ClassLoader.loadClass(Unknown Source)
	at sun.misc.Launcher$AppClassLoader.loadClass(Unknown Source)
	at java.lang.ClassLoader.loadClass(Unknown Source)
	... 26 more
... Removed 25 stack frames]]>
    </failure>
  </testcase> <!-- tc01 -->
  <testcase name="tc02" time="0.0" classname="org.base.BrowserLaunchTestingFrames">
    <failure type="java.lang.NullPointerException">
      <![CDATA[java.lang.NullPointerException
	at org.base.BrowserLaunchTestingFrames.tc02(BrowserLaunchTestingFrames.java:26)
... Removed 25 stack frames]]>
    </failure>
  </testcase> <!-- tc02 -->
  <testcase name="tc03" time="0.0" classname="org.base.BrowserLaunchTestingFrames">
    <failure type="java.lang.NullPointerException">
      <![CDATA[java.lang.NullPointerException
	at org.base.BrowserLaunchTestingFrames.tc03(BrowserLaunchTestingFrames.java:33)
... Removed 25 stack frames]]>
    </failure>
  </testcase> <!-- tc03 -->
  <testcase name="tc04" time="0.0" classname="org.base.BrowserLaunchTestingFrames">
    <failure type="java.lang.NullPointerException">
      <![CDATA[java.lang.NullPointerException
	at org.base.BrowserLaunchTestingFrames.tc04(BrowserLaunchTestingFrames.java:43)
... Removed 25 stack frames]]>
    </failure>
  </testcase> <!-- tc04 -->
</testsuite> <!-- Test -->
